{"level":"info","message":"Usuario verificado"}
{"level":"info","message":"Usuario actualizado"}
{"level":"info","message":"Usuarios listados"}
{"level":"info","message":"Usuario verificado"}
{"level":"info","message":"Usuario actualizado"}
{"level":"info","message":"Usuarios listados"}
{"level":"info","message":"Usuarios listados"}
{"level":"info","message":"Usuario verificado"}
{"level":"info","message":"Usuario actualizado"}
{"level":"info","message":"Usuarios listados"}
{"level":"info","message":"Usuario verificado"}
{"level":"info","message":"Usuario actualizado"}
{"level":"info","message":"Usuarios listados"}
{"level":"info","message":"Usuario verificado"}
{"level":"info","message":"Usuario actualizado"}
{"level":"info","message":"Usuarios listados"}
{"level":"info","message":"Usuario verificado"}
{"level":"info","message":"Usuario actualizado"}
{"level":"info","message":"Usuarios listados"}
{"level":"info","message":"Usuario verificado"}
{"level":"info","message":"Usuario actualizado"}
{"level":"info","message":"Usuarios listados"}
{"level":"info","message":"Usuario verificado"}
{"level":"info","message":"Usuario actualizado"}
{"level":"info","message":"Usuarios listados"}
{"level":"info","message":"Usuarios listados"}
{"level":"info","message":"Usuario verificado"}
{"level":"info","message":"Usuario actualizado"}
{"level":"info","message":"Usuarios listados"}
{"level":"info","message":"Usuario verificado"}
{"level":"info","message":"Usuario actualizado"}
{"level":"info","message":"Usuarios listados"}
{"level":"info","message":"Usuario verificado"}
{"level":"info","message":"Usuario actualizado"}
{"level":"info","message":"Usuarios listados"}
{"level":"info","message":"Usuarios listados"}
{"level":"info","message":"Usuarios listados"}
{"level":"info","message":"Usuarios listados"}
{"level":"info","message":"Usuarios listados"}
{"level":"info","message":"Usuarios listados"}
{"level":"info","message":"Usuario verificado"}
{"level":"info","message":"Usuario eliminado"}
{"level":"info","message":"Usuarios listados"}
{"level":"info","message":"Usuario verificado"}
{"level":"info","message":"Usuario eliminado"}
{"level":"info","message":"Usuarios listados"}
{"level":"info","message":"Usuario verificado"}
{"level":"info","message":"Usuario eliminado"}
{"level":"info","message":"Usuarios listados"}
{"level":"info","message":"Usuario verificado"}
{"level":"info","message":"Usuario eliminado"}
{"level":"info","message":"Usuarios listados"}
{"level":"info","message":"Usuario verificado"}
{"level":"info","message":"Usuario eliminado"}
{"level":"info","message":"Usuarios listados"}
{"level":"info","message":"Usuario verificado"}
{"level":"info","message":"Usuario eliminado"}
{"level":"info","message":"Usuarios listados"}
{"level":"info","message":"Usuario verificado"}
{"level":"info","message":"Usuario eliminado"}
{"level":"info","message":"Usuarios listados"}
{"level":"info","message":"Usuario verificado"}
{"level":"info","message":"Usuario eliminado"}
{"level":"info","message":"Usuarios listados"}
{"level":"info","message":"Usuario verificado"}
{"level":"info","message":"Usuario eliminado"}
{"level":"info","message":"Usuarios listados"}
{"level":"info","message":"Usuario verificado"}
{"level":"info","message":"Usuario eliminado"}
{"level":"info","message":"Usuarios listados"}
{"level":"info","message":"Usuario verificado"}
{"level":"info","message":"Usuario eliminado"}
{"level":"info","message":"Usuarios listados"}
{"level":"info","message":"Usuario verificado"}
{"level":"info","message":"Usuario eliminado"}
{"level":"info","message":"Usuarios listados"}
{"level":"info","message":"Usuario verificado"}
{"level":"info","message":"Usuario eliminado"}
{"level":"info","message":"Usuarios listados"}
{"level":"info","message":"Usuario verificado"}
{"level":"info","message":"Usuario eliminado"}
{"level":"info","message":"Usuarios listados"}
{"level":"info","message":"Usuario verificado"}
{"level":"info","message":"Usuario eliminado"}
{"level":"info","message":"Usuarios listados"}
{"level":"info","message":"Usuario verificado"}
{"level":"info","message":"Usuario eliminado"}
{"level":"info","message":"Usuarios listados"}
{"level":"info","message":"Usuario verificado"}
{"level":"info","message":"Usuario eliminado"}
{"level":"info","message":"Usuarios listados"}
{"level":"info","message":"Usuario verificado"}
{"level":"info","message":"Usuario eliminado"}
{"level":"info","message":"Usuarios listados"}
{"level":"info","message":"Usuario verificado"}
{"level":"info","message":"Usuario eliminado"}
{"level":"info","message":"Usuarios listados"}
{"level":"info","message":"Usuario verificado"}
{"level":"info","message":"Usuario eliminado"}
{"level":"info","message":"Usuarios listados"}
{"level":"info","message":"Usuario verificado"}
{"level":"info","message":"Usuario eliminado"}
{"level":"info","message":"Usuarios listados"}
{"level":"info","message":"Usuario verificado"}
{"level":"info","message":"Usuario eliminado"}
{"level":"info","message":"Usuarios listados"}
{"level":"info","message":"Usuario verificado"}
{"level":"info","message":"Usuario eliminado"}
{"level":"info","message":"Usuarios listados"}
{"level":"info","message":"Usuario verificado"}
{"level":"info","message":"Usuario eliminado"}
{"level":"info","message":"Usuarios listados"}
{"level":"info","message":"Usuario verificado"}
{"level":"info","message":"Usuario eliminado"}
{"level":"info","message":"Usuarios listados"}
{"level":"info","message":"Usuario verificado"}
{"level":"info","message":"Usuario eliminado"}
{"level":"info","message":"Usuarios listados"}
{"level":"info","message":"Usuario verificado"}
{"level":"info","message":"Usuario actualizado"}
{"level":"info","message":"Usuarios listados"}
{"level":"info","message":"Usuario verificado"}
{"level":"info","message":"Usuario actualizado"}
{"level":"info","message":"Usuarios listados"}
{"level":"info","message":"Usuario verificado"}
{"level":"info","message":"Usuario actualizado"}
{"level":"info","message":"Usuarios listados"}
{"level":"info","message":"Usuario verificado"}
{"level":"info","message":"Usuario actualizado"}
{"level":"info","message":"Usuarios listados"}
{"level":"info","message":"Usuario verificado"}
{"level":"info","message":"Usuario actualizado"}
{"level":"info","message":"Usuarios listados"}
{"level":"info","message":"Usuarios listados"}
{"level":"info","message":"Usuarios listados"}
{"level":"info","message":"Usuarios listados"}
{"level":"info","message":"Usuarios listados"}
{"level":"info","message":"Usuarios listados"}
{"level":"info","message":"Usuarios listados"}
{"level":"info","message":"Usuarios listados"}
{"level":"info","message":"Usuarios listados"}
{"level":"info","message":"Usuarios listados"}
{"level":"info","message":"Usuarios listados"}
{"level":"info","message":"Usuarios listados"}
{"level":"info","message":"Usuario verificado"}
{"level":"info","message":"Nuevo usuario registrado"}
{"level":"info","message":"Usuarios listados"}
{"level":"info","message":"Usuario verificado"}
{"level":"info","message":"Usuario verificado"}
{"level":"info","message":"Usuario actualizado"}
{"level":"info","message":"Usuarios listados"}
{"level":"info","message":"Usuarios listados"}
{"level":"info","message":"Usuarios listados"}
{"level":"info","message":"Usuarios listados"}
{"level":"info","message":"Usuarios listados"}
